----------

Sat Jul 03 2021 16:14:50 GMT+0100 (British Summer Time)

Script /run/media/joshua/LocalDrive/Documents/Programming/Website/export.sh couldn't be run

----------

Sat Jul 03 2021 16:31:13 GMT+0100 (British Summer Time)

Script /run/media/joshua/LocalDrive/Documents/Programming/Website/export.sh couldn't be run

----------

Sat Jul 03 2021 17:13:10 GMT+0100 (British Summer Time)

Script /run/media/joshua/LocalDrive/Documents/Programming/Website/export.sh couldn't be run

----------

Sun Jul 04 2021 13:51:12 GMT+0100 (British Summer Time)

Script /run/media/joshua/LocalDrive/Documents/Programming/Website/export.sh couldn't be run

----------

Tue Jul 06 2021 23:07:56 GMT+0100 (British Summer Time)

Script /run/media/joshua/LocalDrive/Documents/Programming/Website/export.sh couldn't be run

----------

Tue Jul 06 2021 23:26:42 GMT+0100 (British Summer Time)

Script /run/media/joshua/LocalDrive/Documents/Programming/Website/export.sh couldn't be run

----------

Tue Jul 06 2021 23:31:57 GMT+0100 (British Summer Time)

Script /run/media/joshua/LocalDrive/Documents/Programming/Website/export.sh couldn't be run

----------

Tue Jul 06 2021 23:33:02 GMT+0100 (British Summer Time)

Script /run/media/joshua/LocalDrive/Documents/Programming/Website/export.sh couldn't be run

----------

Sun Feb 06 2022 17:04:12 GMT+0000 (Greenwich Mean Time)

Script /run/media/joshua/LocalDrive/Documents/Programming/Website/export.sh couldn't be run

----------

Sun Feb 06 2022 17:12:47 GMT+0000 (Greenwich Mean Time)

Script /run/media/joshua/LocalDrive/Documents/Programming/Website/export.sh couldn't be run

----------

Sun Feb 06 2022 17:15:22 GMT+0000 (Greenwich Mean Time)

Script /run/media/joshua/LocalDrive/Documents/Programming/Website/export.sh couldn't be run

